<?xml version="1.0" encoding="UTF-8"?>
<!-- Generated by org.testng.reporters.JUnitXMLReporter -->
<testsuite ignored="0" hostname="DESKTOP-N40OQA6" failures="0" tests="4" name="Default test" time="11.525" errors="0" timestamp="2026-03-11T13:28:17 IST">
  <testcase classname="com.flipkart.stepdefinition.MobilePurchase" name="login" time="3.735"/>
  <testcase classname="com.flipkart.stepdefinition.MobilePurchase" name="search" time="4.45"/>
  <testcase classname="com.flipkart.stepdefinition.MobilePurchase" name="windowsHandling" time="0.008"/>
  <testcase classname="com.flipkart.stepdefinition.MobilePurchase" name="screenshot" time="0.005"/>
</testsuite> <!-- Default test -->
