<?xml version="1.0" encoding="UTF-8"?>
<!-- Generated by org.testng.reporters.JUnitXMLReporter -->
<testsuite ignored="0" hostname="DESKTOP-N40OQA6" failures="0" tests="4" name="Test" time="11.896" errors="0" timestamp="2026-03-11T13:35:01 IST">
  <testcase classname="com.flipkart.stepdefinition.MobilePurchase" name="login" time="0.248"/>
  <testcase classname="com.flipkart.stepdefinition.MobilePurchase" name="search" time="7.778"/>
  <testcase classname="com.flipkart.stepdefinition.MobilePurchase" name="windowsHandling" time="0.008"/>
  <testcase classname="com.flipkart.stepdefinition.MobilePurchase" name="screenshot" time="0.01"/>
</testsuite> <!-- Test -->
