<?xml version="1.0" encoding="UTF-8"?>
<!-- Generated by org.testng.reporters.JUnitReportReporter -->
<testsuite hostname="DESKTOP-N40OQA6" failures="0" tests="4" name="com.flipkart.stepdefinition.MobilePurchase" time="8.071" errors="0" timestamp="2026-03-11T13:35:02 IST" skipped="0">
  <testcase classname="com.flipkart.stepdefinition.MobilePurchase" name="login" time="0.251"/>
  <testcase classname="com.flipkart.stepdefinition.MobilePurchase" name="search" time="7.783"/>
  <testcase classname="com.flipkart.stepdefinition.MobilePurchase" name="windowsHandling" time="0.017"/>
  <testcase classname="com.flipkart.stepdefinition.MobilePurchase" name="screenshot" time="0.020"/>
</testsuite> <!-- com.flipkart.stepdefinition.MobilePurchase -->
